[35m[1mScanning dependencies of target icarous.xml-v1.0[0m
[35m[1mScanning dependencies of target ualberta.xml-v2.0[0m
[35m[1mScanning dependencies of target csAirLink.xml-v1.0[0m
[35m[1mScanning dependencies of target uAvionix.xml-v1.0[0m
[35m[1mScanning dependencies of target storm32.xml-v1.0[0m
[35m[1mScanning dependencies of target paparazzi.xml-v2.0[0m
[35m[1mScanning dependencies of target cubepilot.xml-v2.0[0m
[35m[1mScanning dependencies of target standard.xml-v1.0[0m
[35m[1mScanning dependencies of target all.xml-v2.0[0m
[35m[1mScanning dependencies of target paparazzi.xml-v1.0[0m
[35m[1mScanning dependencies of target ardupilotmega.xml-v1.0[0m
[35m[1mScanning dependencies of target all.xml-v1.0[0m
[35m[1mScanning dependencies of target storm32.xml-v2.0[0m
[35m[1mScanning dependencies of target cubepilot.xml-v1.0[0m
[35m[1mScanning dependencies of target development.xml-v1.0[0m
[35m[1mScanning dependencies of target icarous.xml-v2.0[0m
[35m[1mScanning dependencies of target ualberta.xml-v1.0[0m
[35m[1mScanning dependencies of target uAvionix.xml-v2.0[0m
[  3%] [34m[1mGenerating include/v1.0/icarous/icarous.h[0m
[  6%] [34m[1mGenerating include/v1.0/standard/standard.h[0m
[ 10%] [34m[1mGenerating ualberta-v2.0-cxx-stamp[0m
[ 13%] [34m[1mGenerating all-v2.0-cxx-stamp[0m
[ 16%] [34m[1mGenerating include/v1.0/paparazzi/paparazzi.h[0m
[ 26%] [34m[1mGenerating include/v1.0/storm32/storm32.h[0m
[ 26%] [34m[1mGenerating include/v1.0/csAirLink/csAirLink.h[0m
[ 26%] [34m[1mGenerating cubepilot-v2.0-cxx-stamp[0m
[ 33%] [34m[1mGenerating include/v1.0/uAvionix/uAvionix.h[0m
[ 33%] [34m[1mGenerating paparazzi-v2.0-cxx-stamp[0m
[ 40%] [34m[1mGenerating storm32-v2.0-cxx-stamp[0m
[ 40%] [34m[1mGenerating include/v1.0/cubepilot/cubepilot.h[0m
[ 43%] [34m[1mGenerating icarous-v2.0-cxx-stamp[0m
[ 46%] [34m[1mGenerating include/v1.0/ardupilotmega/ardupilotmega.h[0m
[ 50%] [34m[1mGenerating include/v1.0/all/all.h[0m
[ 53%] [34m[1mGenerating include/v1.0/development/development.h[0m
[ 56%] [34m[1mGenerating include/v1.0/ualberta/ualberta.h[0m
[ 60%] [34m[1mGenerating uAvionix-v2.0-cxx-stamp[0m
Validating /home/hxj/px4_to_perception/px4_to_perception/src/mavlink/message_definitions/v1.0/ualberta.xml
Validating /home/hxj/px4_to_perception/px4_to_perception/src/mavlink/message_definitions/v1.0/icarous.xml
Validating /home/hxj/px4_to_perception/px4_to_perception/src/mavlink/message_definitions/v1.0/standard.xml
Validating /home/hxj/px4_to_perception/px4_to_perception/src/mavlink/message_definitions/v1.0/paparazzi.xml
Parsing /home/hxj/px4_to_perception/px4_to_perception/src/mavlink/message_definitions/v1.0/standard.xml
Validating /home/hxj/px4_to_perception/px4_to_perception/src/mavlink/message_definitions/v1.0/minimal.xml
Parsing /home/hxj/px4_to_perception/px4_to_perception/src/mavlink/message_definitions/v1.0/paparazzi.xml
Parsing /home/hxj/px4_to_perception/px4_to_perception/src/mavlink/message_definitions/v1.0/ualberta.xml
Parsing /home/hxj/px4_to_perception/px4_to_perception/src/mavlink/message_definitions/v1.0/icarous.xml
Found 0 MAVLink message types in 1 XML files
Parsing /home/hxj/px4_to_perception/px4_to_perception/src/mavlink/message_definitions/v1.0/minimal.xml
Validating /home/hxj/px4_to_perception/px4_to_perception/src/mavlink/message_definitions/v1.0/common.xml
Validating /home/hxj/px4_to_perception/px4_to_perception/src/mavlink/message_definitions/v1.0/common.xml
Found 1 MAVLink message types in 2 XML files
Generating C implementation in directory include/v1.0/icarous
Generating C implementation in directory include/v1.0/standard
Copying fixed headers for protocol 1.0 to include/v1.0
Validating /home/hxj/px4_to_perception/px4_to_perception/src/mavlink/message_definitions/v1.0/all.xml
Generating C implementation in directory include/v1.0/minimal
Parsing /home/hxj/px4_to_perception/px4_to_perception/src/mavlink/message_definitions/v1.0/all.xml
Validating /home/hxj/px4_to_perception/px4_to_perception/src/mavlink/message_definitions/v1.0/ardupilotmega.xml
Parsing /home/hxj/px4_to_perception/px4_to_perception/src/mavlink/message_definitions/v1.0/ardupilotmega.xml
Copying fixed headers for protocol 1.0 to include/v1.0
Validating /home/hxj/px4_to_perception/px4_to_perception/src/mavlink/message_definitions/v1.0/storm32.xml
Validating /home/hxj/px4_to_perception/px4_to_perception/src/mavlink/message_definitions/v1.0/paparazzi.xml
Parsing /home/hxj/px4_to_perception/px4_to_perception/src/mavlink/message_definitions/v1.0/common.xml
Parsing /home/hxj/px4_to_perception/px4_to_perception/src/mavlink/message_definitions/v1.0/paparazzi.xml
Parsing /home/hxj/px4_to_perception/px4_to_perception/src/mavlink/message_definitions/v1.0/storm32.xml
Parsing /home/hxj/px4_to_perception/px4_to_perception/src/mavlink/message_definitions/v1.0/common.xml
Validating /home/hxj/px4_to_perception/px4_to_perception/src/mavlink/message_definitions/v1.0/common.xml
Validating /home/hxj/px4_to_perception/px4_to_perception/src/mavlink/message_definitions/v1.0/ardupilotmega.xml
Validating /home/hxj/px4_to_perception/px4_to_perception/src/mavlink/message_definitions/v1.0/ASLUAV.xml
Parsing /home/hxj/px4_to_perception/px4_to_perception/src/mavlink/message_definitions/v1.0/ardupilotmega.xml
Parsing /home/hxj/px4_to_perception/px4_to_perception/src/mavlink/message_definitions/v1.0/ASLUAV.xml
Validating /home/hxj/px4_to_perception/px4_to_perception/src/mavlink/message_definitions/v1.0/cubepilot.xml
Parsing /home/hxj/px4_to_perception/px4_to_perception/src/mavlink/message_definitions/v1.0/cubepilot.xml
Validating /home/hxj/px4_to_perception/px4_to_perception/src/mavlink/message_definitions/v1.0/common.xml
Validating /home/hxj/px4_to_perception/px4_to_perception/src/mavlink/message_definitions/v1.0/common.xml
Validating /home/hxj/px4_to_perception/px4_to_perception/src/mavlink/message_definitions/v1.0/storm32.xml
Validating /home/hxj/px4_to_perception/px4_to_perception/src/mavlink/message_definitions/v1.0/uAvionix.xml
Validating /home/hxj/px4_to_perception/px4_to_perception/src/mavlink/message_definitions/v1.0/common.xml
Parsing /home/hxj/px4_to_perception/px4_to_perception/src/mavlink/message_definitions/v1.0/storm32.xml
Parsing /home/hxj/px4_to_perception/px4_to_perception/src/mavlink/message_definitions/v1.0/uAvionix.xml
Validating /home/hxj/px4_to_perception/px4_to_perception/src/mavlink/message_definitions/v1.0/common.xml
Validating /home/hxj/px4_to_perception/px4_to_perception/src/mavlink/message_definitions/v1.0/ardupilotmega.xml
Parsing /home/hxj/px4_to_perception/px4_to_perception/src/mavlink/message_definitions/v1.0/common.xml
Validating /home/hxj/px4_to_perception/px4_to_perception/src/mavlink/message_definitions/v1.0/uAvionix.xml
Parsing /home/hxj/px4_to_perception/px4_to_perception/src/mavlink/message_definitions/v1.0/ardupilotmega.xml
Parsing /home/hxj/px4_to_perception/px4_to_perception/src/mavlink/message_definitions/v1.0/uAvionix.xml
Parsing /home/hxj/px4_to_perception/px4_to_perception/src/mavlink/message_definitions/v1.0/common.xml
Validating /home/hxj/px4_to_perception/px4_to_perception/src/mavlink/message_definitions/v1.0/common.xml
Validating /home/hxj/px4_to_perception/px4_to_perception/src/mavlink/message_definitions/v1.0/ualberta.xml
Parsing /home/hxj/px4_to_perception/px4_to_perception/src/mavlink/message_definitions/v1.0/common.xml
Validating /home/hxj/px4_to_perception/px4_to_perception/src/mavlink/message_definitions/v1.0/cubepilot.xml
Parsing /home/hxj/px4_to_perception/px4_to_perception/src/mavlink/message_definitions/v1.0/ualberta.xml
Validating /home/hxj/px4_to_perception/px4_to_perception/src/mavlink/message_definitions/v1.0/ardupilotmega.xml
Validating /home/hxj/px4_to_perception/px4_to_perception/src/mavlink/message_definitions/v1.0/development.xml
Validating /home/hxj/px4_to_perception/px4_to_perception/src/mavlink/message_definitions/v1.0/all.xml
Parsing /home/hxj/px4_to_perception/px4_to_perception/src/mavlink/message_definitions/v1.0/cubepilot.xml
Validating /home/hxj/px4_to_perception/px4_to_perception/src/mavlink/message_definitions/v1.0/common.xml
Validating /home/hxj/px4_to_perception/px4_to_perception/src/mavlink/message_definitions/v1.0/icarous.xml
Parsing /home/hxj/px4_to_perception/px4_to_perception/src/mavlink/message_definitions/v1.0/all.xml
Validating /home/hxj/px4_to_perception/px4_to_perception/src/mavlink/message_definitions/v1.0/ardupilotmega.xml
Validating /home/hxj/px4_to_perception/px4_to_perception/src/mavlink/message_definitions/v1.0/common.xml
Parsing /home/hxj/px4_to_perception/px4_to_perception/src/mavlink/message_definitions/v1.0/icarous.xml
Parsing /home/hxj/px4_to_perception/px4_to_perception/src/mavlink/message_definitions/v1.0/development.xml
Validating /home/hxj/px4_to_perception/px4_to_perception/src/mavlink/message_definitions/v1.0/csAirLink.xml
Found 2 MAVLink message types in 1 XML files
Parsing /home/hxj/px4_to_perception/px4_to_perception/src/mavlink/message_definitions/v1.0/csAirLink.xml
Found 0 MAVLink message types in 1 XML files
Validating /home/hxj/px4_to_perception/px4_to_perception/src/mavlink/message_definitions/v1.0/common.xml
Generating C implementation in directory include/v1.0/csAirLink
Parsing /home/hxj/px4_to_perception/px4_to_perception/src/mavlink/message_definitions/v1.0/ardupilotmega.xml
Parsing /home/hxj/px4_to_perception/px4_to_perception/src/mavlink/message_definitions/v1.0/common.xml
Parsing /home/hxj/px4_to_perception/px4_to_perception/src/mavlink/message_definitions/v1.0/ardupilotmega.xml
Validating /home/hxj/px4_to_perception/px4_to_perception/src/mavlink/message_definitions/v1.0/common.xml
Parsing /home/hxj/px4_to_perception/px4_to_perception/src/mavlink/message_definitions/v1.0/common.xml
Generating C headers
Copying fixed headers for protocol 1.0 to include/v1.0
Generating C implementation in directory include/v2.0/icarous
[ 60%] Built target icarous.xml-v1.0
Copying fixed headers for protocol 2.0 to include/v2.0
[ 60%] Built target standard.xml-v1.0
Validating /home/hxj/px4_to_perception/px4_to_perception/src/mavlink/message_definitions/v1.0/common.xml
Parsing /home/hxj/px4_to_perception/px4_to_perception/src/mavlink/message_definitions/v1.0/common.xml
Validating /home/hxj/px4_to_perception/px4_to_perception/src/mavlink/message_definitions/v1.0/ASLUAV.xml
Parsing /home/hxj/px4_to_perception/px4_to_perception/src/mavlink/message_definitions/v1.0/ASLUAV.xml
Validating /home/hxj/px4_to_perception/px4_to_perception/src/mavlink/message_definitions/v1.0/standard.xml
Parsing /home/hxj/px4_to_perception/px4_to_perception/src/mavlink/message_definitions/v1.0/standard.xml
Validating /home/hxj/px4_to_perception/px4_to_perception/src/mavlink/message_definitions/v1.0/minimal.xml
Parsing /home/hxj/px4_to_perception/px4_to_perception/src/mavlink/message_definitions/v1.0/minimal.xml
Parsing /home/hxj/px4_to_perception/px4_to_perception/src/mavlink/message_definitions/v1.0/common.xml
Validating /home/hxj/px4_to_perception/px4_to_perception/src/mavlink/message_definitions/v1.0/common.xml
Parsing /home/hxj/px4_to_perception/px4_to_perception/src/mavlink/message_definitions/v1.0/common.xml
Generating C++ implementation in directory include/v2.0/icarous
Parsing /home/hxj/px4_to_perception/px4_to_perception/src/mavlink/message_definitions/v1.0/common.xml
Found 147 MAVLink message types in 4 XML files
Validating /home/hxj/px4_to_perception/px4_to_perception/src/mavlink/message_definitions/v1.0/standard.xml
Parsing /home/hxj/px4_to_perception/px4_to_perception/src/mavlink/message_definitions/v1.0/standard.xml
Copying fixed C++ headers for protocol 2.0 to include/v2.0
Validating /home/hxj/px4_to_perception/px4_to_perception/src/mavlink/message_definitions/v1.0/minimal.xml
Generating C implementation in directory include/v1.0/paparazzi
Parsing /home/hxj/px4_to_perception/px4_to_perception/src/mavlink/message_definitions/v1.0/common.xml
Parsing /home/hxj/px4_to_perception/px4_to_perception/src/mavlink/message_definitions/v1.0/minimal.xml
Parsing /home/hxj/px4_to_perception/px4_to_perception/src/mavlink/message_definitions/v1.0/common.xml
Found 224 MAVLink message types in 4 XML files
Generating C implementation in directory include/v1.0/common
Generating C headers
Generating C implementation in directory include/v2.0/ualberta
Parsing /home/hxj/px4_to_perception/px4_to_perception/src/mavlink/message_definitions/v1.0/common.xml
Generating C implementation in directory include/v2.0/common
Validating /home/hxj/px4_to_perception/px4_to_perception/src/mavlink/message_definitions/v1.0/standard.xml
Parsing /home/hxj/px4_to_perception/px4_to_perception/src/mavlink/message_definitions/v1.0/standard.xml
Validating /home/hxj/px4_to_perception/px4_to_perception/src/mavlink/message_definitions/v1.0/standard.xml
Validating /home/hxj/px4_to_perception/px4_to_perception/src/mavlink/message_definitions/v1.0/minimal.xml
Parsing /home/hxj/px4_to_perception/px4_to_perception/src/mavlink/message_definitions/v1.0/standard.xml
Validating /home/hxj/px4_to_perception/px4_to_perception/src/mavlink/message_definitions/v1.0/minimal.xml
Parsing /home/hxj/px4_to_perception/px4_to_perception/src/mavlink/message_definitions/v1.0/minimal.xml
Validating /home/hxj/px4_to_perception/px4_to_perception/src/mavlink/message_definitions/v1.0/uAvionix.xml
Parsing /home/hxj/px4_to_perception/px4_to_perception/src/mavlink/message_definitions/v1.0/minimal.xml
Parsing /home/hxj/px4_to_perception/px4_to_perception/src/mavlink/message_definitions/v1.0/uAvionix.xml
Validating /home/hxj/px4_to_perception/px4_to_perception/src/mavlink/message_definitions/v1.0/icarous.xml
Parsing /home/hxj/px4_to_perception/px4_to_perception/src/mavlink/message_definitions/v1.0/icarous.xml
Validating /home/hxj/px4_to_perception/px4_to_perception/src/mavlink/message_definitions/v1.0/cubepilot.xml
Parsing /home/hxj/px4_to_perception/px4_to_perception/src/mavlink/message_definitions/v1.0/cubepilot.xml
Validating /home/hxj/px4_to_perception/px4_to_perception/src/mavlink/message_definitions/v1.0/csAirLink.xml
Parsing /home/hxj/px4_to_perception/px4_to_perception/src/mavlink/message_definitions/v1.0/csAirLink.xml
Validating /home/hxj/px4_to_perception/px4_to_perception/src/mavlink/message_definitions/v1.0/standard.xml
Validating /home/hxj/px4_to_perception/px4_to_perception/src/mavlink/message_definitions/v1.0/standard.xml
Parsing /home/hxj/px4_to_perception/px4_to_perception/src/mavlink/message_definitions/v1.0/standard.xml
Validating /home/hxj/px4_to_perception/px4_to_perception/src/mavlink/message_definitions/v1.0/minimal.xml
Parsing /home/hxj/px4_to_perception/px4_to_perception/src/mavlink/message_definitions/v1.0/standard.xml
Validating /home/hxj/px4_to_perception/px4_to_perception/src/mavlink/message_definitions/v1.0/minimal.xml
Parsing /home/hxj/px4_to_perception/px4_to_perception/src/mavlink/message_definitions/v1.0/minimal.xml
Parsing /home/hxj/px4_to_perception/px4_to_perception/src/mavlink/message_definitions/v1.0/minimal.xml
Found 226 MAVLink message types in 4 XML files
Found 142 MAVLink message types in 4 XML files
Generating C headers
Generating C implementation in directory include/v1.0/cubepilot
Merged enum MAV_CMD
[ 60%] Built target csAirLink.xml-v1.0
Merged enum MAV_CMD
Generating C implementation in directory include/v2.0/paparazzi
Validating /home/hxj/px4_to_perception/px4_to_perception/src/mavlink/message_definitions/v1.0/development.xml
Parsing /home/hxj/px4_to_perception/px4_to_perception/src/mavlink/message_definitions/v1.0/development.xml
Found 142 MAVLink message types in 4 XML files
Generating C implementation in directory include/v1.0/common
Generating C implementation in directory include/v1.0/uAvionix
Found 190 MAVLink message types in 9 XML files
Generating C implementation in directory include/v1.0/storm32
Validating /home/hxj/px4_to_perception/px4_to_perception/src/mavlink/message_definitions/v1.0/icarous.xml
Generating C implementation in directory include/v1.0/common
Parsing /home/hxj/px4_to_perception/px4_to_perception/src/mavlink/message_definitions/v1.0/icarous.xml
Validating /home/hxj/px4_to_perception/px4_to_perception/src/mavlink/message_definitions/v1.0/minimal.xml
Validating /home/hxj/px4_to_perception/px4_to_perception/src/mavlink/message_definitions/v1.0/standard.xml
Parsing /home/hxj/px4_to_perception/px4_to_perception/src/mavlink/message_definitions/v1.0/standard.xml
Validating /home/hxj/px4_to_perception/px4_to_perception/src/mavlink/message_definitions/v1.0/minimal.xml
Parsing /home/hxj/px4_to_perception/px4_to_perception/src/mavlink/message_definitions/v1.0/minimal.xml
Validating /home/hxj/px4_to_perception/px4_to_perception/src/mavlink/message_definitions/v1.0/standard.xml
Parsing /home/hxj/px4_to_perception/px4_to_perception/src/mavlink/message_definitions/v1.0/minimal.xml
Parsing /home/hxj/px4_to_perception/px4_to_perception/src/mavlink/message_definitions/v1.0/standard.xml
Validating /home/hxj/px4_to_perception/px4_to_perception/src/mavlink/message_definitions/v1.0/minimal.xml
Generating C implementation in directory include/v2.0/common
[35m[1mScanning dependencies of target ASLUAV.xml-v1.0[0m
Parsing /home/hxj/px4_to_perception/px4_to_perception/src/mavlink/message_definitions/v1.0/minimal.xml
[35m[1mScanning dependencies of target AVSSUAS.xml-v2.0[0m
Validating /home/hxj/px4_to_perception/px4_to_perception/src/mavlink/message_definitions/v1.0/python_array_test.xml
Generating C implementation in directory include/v1.0/ardupilotmega
Parsing /home/hxj/px4_to_perception/px4_to_perception/src/mavlink/message_definitions/v1.0/python_array_test.xml
Validating /home/hxj/px4_to_perception/px4_to_perception/src/mavlink/message_definitions/v1.0/standard.xml
Parsing /home/hxj/px4_to_perception/px4_to_perception/src/mavlink/message_definitions/v1.0/standard.xml
Merged enum MAV_CMD
Validating /home/hxj/px4_to_perception/px4_to_perception/src/mavlink/message_definitions/v1.0/test.xml
Parsing /home/hxj/px4_to_perception/px4_to_perception/src/mavlink/message_definitions/v1.0/test.xml
Validating /home/hxj/px4_to_perception/px4_to_perception/src/mavlink/message_definitions/v1.0/ualberta.xml
Parsing /home/hxj/px4_to_perception/px4_to_perception/src/mavlink/message_definitions/v1.0/ualberta.xml
Validating /home/hxj/px4_to_perception/px4_to_perception/src/mavlink/message_definitions/v1.0/uAvionix.xml
Validating /home/hxj/px4_to_perception/px4_to_perception/src/mavlink/message_definitions/v1.0/standard.xml
Found 145 MAVLink message types in 4 XML files
Parsing /home/hxj/px4_to_perception/px4_to_perception/src/mavlink/message_definitions/v1.0/standard.xml
Parsing /home/hxj/px4_to_perception/px4_to_perception/src/mavlink/message_definitions/v1.0/uAvionix.xml
Validating /home/hxj/px4_to_perception/px4_to_perception/src/mavlink/message_definitions/v1.0/minimal.xml
Generating C implementation in directory include/v1.0/ualberta
Found 143 MAVLink message types in 4 XML files
Validating /home/hxj/px4_to_perception/px4_to_perception/src/mavlink/message_definitions/v1.0/storm32.xml
Generating C implementation in directory include/v1.0/development
Parsing /home/hxj/px4_to_perception/px4_to_perception/src/mavlink/message_definitions/v1.0/minimal.xml
Parsing /home/hxj/px4_to_perception/px4_to_perception/src/mavlink/message_definitions/v1.0/storm32.xml
Validating /home/hxj/px4_to_perception/px4_to_perception/src/mavlink/message_definitions/v1.0/standard.xml
Parsing /home/hxj/px4_to_perception/px4_to_perception/src/mavlink/message_definitions/v1.0/standard.xml
Validating /home/hxj/px4_to_perception/px4_to_perception/src/mavlink/message_definitions/v1.0/AVSSUAS.xml
Validating /home/hxj/px4_to_perception/px4_to_perception/src/mavlink/message_definitions/v1.0/minimal.xml
Parsing /home/hxj/px4_to_perception/px4_to_perception/src/mavlink/message_definitions/v1.0/AVSSUAS.xml
Parsing /home/hxj/px4_to_perception/px4_to_perception/src/mavlink/message_definitions/v1.0/minimal.xml
Validating /home/hxj/px4_to_perception/px4_to_perception/src/mavlink/message_definitions/v1.0/cubepilot.xml
Found 224 MAVLink message types in 4 XML files
Parsing /home/hxj/px4_to_perception/px4_to_perception/src/mavlink/message_definitions/v1.0/cubepilot.xml
Validating /home/hxj/px4_to_perception/px4_to_perception/src/mavlink/message_definitions/v1.0/csAirLink.xml
Generating C implementation in directory include/v1.0/common
Parsing /home/hxj/px4_to_perception/px4_to_perception/src/mavlink/message_definitions/v1.0/csAirLink.xml
Generating C implementation in directory include/v1.0/common
Merged enum MAV_CMD
Merged enum MAV_CMD
Generating C headers
Merged enum MAV_CMD
Merged enum MAV_CMD
Merged enum MAV_CMD
Generating C implementation in directory include/v2.0/uAvionix
[ 60%] Built target icarous.xml-v2.0
Validating /home/hxj/px4_to_perception/px4_to_perception/src/mavlink/message_definitions/v1.0/uAvionix.xml
Validating /home/hxj/px4_to_perception/px4_to_perception/src/mavlink/message_definitions/v1.0/uAvionix.xml
Parsing /home/hxj/px4_to_perception/px4_to_perception/src/mavlink/message_definitions/v1.0/uAvionix.xml
Parsing /home/hxj/px4_to_perception/px4_to_perception/src/mavlink/message_definitions/v1.0/uAvionix.xml
Validating /home/hxj/px4_to_perception/px4_to_perception/src/mavlink/message_definitions/v1.0/icarous.xml
Parsing /home/hxj/px4_to_perception/px4_to_perception/src/mavlink/message_definitions/v1.0/icarous.xml
Validating /home/hxj/px4_to_perception/px4_to_perception/src/mavlink/message_definitions/v1.0/development.xml
Found 226 MAVLink message types in 4 XML files
Validating /home/hxj/px4_to_perception/px4_to_perception/src/mavlink/message_definitions/v1.0/cubepilot.xml
Validating /home/hxj/px4_to_perception/px4_to_perception/src/mavlink/message_definitions/v1.0/icarous.xml
Parsing /home/hxj/px4_to_perception/px4_to_perception/src/mavlink/message_definitions/v1.0/cubepilot.xml
Parsing /home/hxj/px4_to_perception/px4_to_perception/src/mavlink/message_definitions/v1.0/icarous.xml
Validating /home/hxj/px4_to_perception/px4_to_perception/src/mavlink/message_definitions/v1.0/csAirLink.xml
Parsing /home/hxj/px4_to_perception/px4_to_perception/src/mavlink/message_definitions/v1.0/csAirLink.xml
Found 360 MAVLink message types in 16 XML files
Validating /home/hxj/px4_to_perception/px4_to_perception/src/mavlink/message_definitions/v1.0/standard.xml
Validating /home/hxj/px4_to_perception/px4_to_perception/src/mavlink/message_definitions/v1.0/cubepilot.xml
Parsing /home/hxj/px4_to_perception/px4_to_perception/src/mavlink/message_definitions/v1.0/standard.xml
Validating /home/hxj/px4_to_perception/px4_to_perception/src/mavlink/message_definitions/v1.0/minimal.xml
Parsing /home/hxj/px4_to_perception/px4_to_perception/src/mavlink/message_definitions/v1.0/development.xml
Parsing /home/hxj/px4_to_perception/px4_to_perception/src/mavlink/message_definitions/v1.0/cubepilot.xml
Generating C headers
Generating C implementation in directory include/v2.0/cubepilot
Parsing /home/hxj/px4_to_perception/px4_to_perception/src/mavlink/message_definitions/v1.0/minimal.xml
Validating /home/hxj/px4_to_perception/px4_to_perception/src/mavlink/message_definitions/v1.0/csAirLink.xml
Generating C headers
Parsing /home/hxj/px4_to_perception/px4_to_perception/src/mavlink/message_definitions/v1.0/csAirLink.xml
Generating C implementation in directory include/v2.0/all
Validating /home/hxj/px4_to_perception/px4_to_perception/src/mavlink/message_definitions/v1.0/icarous.xml
Validating /home/hxj/px4_to_perception/px4_to_perception/src/mavlink/message_definitions/v1.0/standard.xml
Parsing /home/hxj/px4_to_perception/px4_to_perception/src/mavlink/message_definitions/v1.0/standard.xml
Parsing /home/hxj/px4_to_perception/px4_to_perception/src/mavlink/message_definitions/v1.0/icarous.xml
Validating /home/hxj/px4_to_perception/px4_to_perception/src/mavlink/message_definitions/v1.0/minimal.xml
Validating /home/hxj/px4_to_perception/px4_to_perception/src/mavlink/message_definitions/v1.0/minimal.xml
Parsing /home/hxj/px4_to_perception/px4_to_perception/src/mavlink/message_definitions/v1.0/minimal.xml
Merged enum MAV_CMD
Parsing /home/hxj/px4_to_perception/px4_to_perception/src/mavlink/message_definitions/v1.0/minimal.xml
Generating C implementation in directory include/v2.0/common
Generating C implementation in directory include/v2.0/ardupilotmega
Merged enum MAV_CMD
Merged enum MAV_CMD
Validating /home/hxj/px4_to_perception/px4_to_perception/src/mavlink/message_definitions/v1.0/python_array_test.xml
Parsing /home/hxj/px4_to_perception/px4_to_perception/src/mavlink/message_definitions/v1.0/python_array_test.xml
Found 190 MAVLink message types in 8 XML files
Validating /home/hxj/px4_to_perception/px4_to_perception/src/mavlink/message_definitions/v1.0/standard.xml
Generating C implementation in directory include/v1.0/ardupilotmega
Parsing /home/hxj/px4_to_perception/px4_to_perception/src/mavlink/message_definitions/v1.0/standard.xml
Validating /home/hxj/px4_to_perception/px4_to_perception/src/mavlink/message_definitions/v1.0/test.xml
Parsing /home/hxj/px4_to_perception/px4_to_perception/src/mavlink/message_definitions/v1.0/test.xml
Validating /home/hxj/px4_to_perception/px4_to_perception/src/mavlink/message_definitions/v1.0/ualberta.xml
Parsing /home/hxj/px4_to_perception/px4_to_perception/src/mavlink/message_definitions/v1.0/ualberta.xml
Validating /home/hxj/px4_to_perception/px4_to_perception/src/mavlink/message_definitions/v1.0/uAvionix.xml
Generating C implementation in directory include/v2.0/common
Found 312 MAVLink message types in 9 XML files
Parsing /home/hxj/px4_to_perception/px4_to_perception/src/mavlink/message_definitions/v1.0/uAvionix.xml
Validating /home/hxj/px4_to_perception/px4_to_perception/src/mavlink/message_definitions/v1.0/storm32.xml
Generating C headers
Generating C implementation in directory include/v2.0/storm32
Parsing /home/hxj/px4_to_perception/px4_to_perception/src/mavlink/message_definitions/v1.0/storm32.xml
Validating /home/hxj/px4_to_perception/px4_to_perception/src/mavlink/message_definitions/v1.0/AVSSUAS.xml
Parsing /home/hxj/px4_to_perception/px4_to_perception/src/mavlink/message_definitions/v1.0/AVSSUAS.xml
Validating /home/hxj/px4_to_perception/px4_to_perception/src/mavlink/message_definitions/v1.0/cubepilot.xml
Parsing /home/hxj/px4_to_perception/px4_to_perception/src/mavlink/message_definitions/v1.0/cubepilot.xml
Validating /home/hxj/px4_to_perception/px4_to_perception/src/mavlink/message_definitions/v1.0/csAirLink.xml
Parsing /home/hxj/px4_to_perception/px4_to_perception/src/mavlink/message_definitions/v1.0/csAirLink.xml
Merged enum MAV_CMD
Merged enum MAV_CMD
Merged enum MAV_CMD
Merged enum MAV_CMD
Merged enum MAV_CMD
Found 196 MAVLink message types in 16 XML files
Generating C implementation in directory include/v1.0/all
Generating C implementation in directory include/v1.0/ardupilotmega
[35m[1mScanning dependencies of target standard.xml-v2.0[0m
Generating C implementation in directory include/v2.0/ardupilotmega
[ 63%] [34m[1mGenerating include/v1.0/ASLUAV/ASLUAV.h[0m
[ 66%] [34m[1mGenerating AVSSUAS-v2.0-cxx-stamp[0m
Generating C implementation in directory include/v1.0/common
[35m[1mScanning dependencies of target common.xml-v1.0[0m
Generating C implementation in directory include/v1.0/common
[ 70%] [34m[1mGenerating standard-v2.0-cxx-stamp[0m
Generating C implementation in directory include/v1.0/ASLUAV
Generating C implementation in directory include/v1.0/common
Generating C implementation in directory include/v2.0/ASLUAV
[ 73%] Built target common.xml-v1.0
Generating C implementation in directory include/v2.0/common
Validating /home/hxj/px4_to_perception/px4_to_perception/src/mavlink/message_definitions/v1.0/ASLUAV.xml
Validating /home/hxj/px4_to_perception/px4_to_perception/src/mavlink/message_definitions/v1.0/AVSSUAS.xml
Parsing /home/hxj/px4_to_perception/px4_to_perception/src/mavlink/message_definitions/v1.0/ASLUAV.xml
Parsing /home/hxj/px4_to_perception/px4_to_perception/src/mavlink/message_definitions/v1.0/AVSSUAS.xml
Validating /home/hxj/px4_to_perception/px4_to_perception/src/mavlink/message_definitions/v1.0/common.xml
Validating /home/hxj/px4_to_perception/px4_to_perception/src/mavlink/message_definitions/v1.0/common.xml
Generating C implementation in directory include/v2.0/common
[35m[1mScanning dependencies of target ardupilotmega.xml-v2.0[0m
Parsing /home/hxj/px4_to_perception/px4_to_perception/src/mavlink/message_definitions/v1.0/common.xml
Parsing /home/hxj/px4_to_perception/px4_to_perception/src/mavlink/message_definitions/v1.0/common.xml
Validating /home/hxj/px4_to_perception/px4_to_perception/src/mavlink/message_definitions/v1.0/standard.xml
Parsing /home/hxj/px4_to_perception/px4_to_perception/src/mavlink/message_definitions/v1.0/standard.xml
Validating /home/hxj/px4_to_perception/px4_to_perception/src/mavlink/message_definitions/v1.0/minimal.xml
Parsing /home/hxj/px4_to_perception/px4_to_perception/src/mavlink/message_definitions/v1.0/minimal.xml
Found 2 MAVLink message types in 2 XML files
Generating C headers
Generating C implementation in directory include/v2.0/standard
Generating C implementation in directory include/v2.0/minimal
Copying fixed headers for protocol 2.0 to include/v2.0
Generating C++ implementation in directory include/v2.0/standard
Generating C++ implementation in directory include/v2.0/minimal
Copying fixed C++ headers for protocol 2.0 to include/v2.0
Validating /home/hxj/px4_to_perception/px4_to_perception/src/mavlink/message_definitions/v1.0/standard.xml
Parsing /home/hxj/px4_to_perception/px4_to_perception/src/mavlink/message_definitions/v1.0/standard.xml
Validating /home/hxj/px4_to_perception/px4_to_perception/src/mavlink/message_definitions/v1.0/minimal.xml
Parsing /home/hxj/px4_to_perception/px4_to_perception/src/mavlink/message_definitions/v1.0/minimal.xml
[ 76%] [34m[1mGenerating ardupilotmega-v2.0-cxx-stamp[0m
Merged enum MAV_CMD
Found 144 MAVLink message types in 4 XML files
Generating C implementation in directory include/v1.0/ASLUAV
Validating /home/hxj/px4_to_perception/px4_to_perception/src/mavlink/message_definitions/v1.0/standard.xml
Parsing /home/hxj/px4_to_perception/px4_to_perception/src/mavlink/message_definitions/v1.0/standard.xml
Validating /home/hxj/px4_to_perception/px4_to_perception/src/mavlink/message_definitions/v1.0/minimal.xml
Parsing /home/hxj/px4_to_perception/px4_to_perception/src/mavlink/message_definitions/v1.0/minimal.xml
Merged enum MAV_CMD
Generating C implementation in directory include/v1.0/common
Generating C implementation in directory include/v1.0/standard
Generating C implementation in directory include/v1.0/standard
Generating C implementation in directory include/v1.0/standard
Generating C implementation in directory include/v1.0/standard
Generating C implementation in directory include/v1.0/standard
Generating C implementation in directory include/v1.0/minimal
Generating C implementation in directory include/v1.0/minimal
Found 225 MAVLink message types in 4 XML files
Generating C headers
Generating C implementation in directory include/v1.0/minimal
Generating C implementation in directory include/v1.0/minimal
Generating C implementation in directory include/v2.0/AVSSUAS
Generating C implementation in directory include/v1.0/minimal
Copying fixed headers for protocol 1.0 to include/v1.0
Copying fixed headers for protocol 1.0 to include/v1.0
Copying fixed headers for protocol 1.0 to include/v1.0
Copying fixed headers for protocol 1.0 to include/v1.0
Copying fixed headers for protocol 1.0 to include/v1.0
Generating C implementation in directory include/v2.0/common
[ 76%] Built target standard.xml-v2.0
Generating C implementation in directory include/v1.0/uAvionix
Generating C implementation in directory include/v1.0/icarous
Generating C implementation in directory include/v1.0/cubepilot
Generating C implementation in directory include/v1.0/csAirLink
Generating C implementation in directory include/v1.0/standard
Generating C implementation in directory include/v1.0/minimal
Copying fixed headers for protocol 1.0 to include/v1.0
Generating C implementation in directory include/v1.0/uAvionix
Generating C implementation in directory include/v1.0/icarous
Generating C implementation in directory include/v1.0/cubepilot
Generating C implementation in directory include/v1.0/csAirLink
Generating C implementation in directory include/v1.0/standard
Generating C implementation in directory include/v1.0/minimal
Copying fixed headers for protocol 1.0 to include/v1.0
Validating /home/hxj/px4_to_perception/px4_to_perception/src/mavlink/message_definitions/v1.0/ardupilotmega.xml
[ 76%] Built target uAvionix.xml-v1.0
[ 76%] Built target paparazzi.xml-v1.0
[ 76%] Built target development.xml-v1.0
[ 76%] Built target ualberta.xml-v1.0
Generating C implementation in directory include/v1.0/development
Parsing /home/hxj/px4_to_perception/px4_to_perception/src/mavlink/message_definitions/v1.0/ardupilotmega.xml
Generating C implementation in directory include/v1.0/icarous
Generating C implementation in directory include/v1.0/minimal
[ 76%] Built target cubepilot.xml-v1.0
Generating C implementation in directory include/v1.0/python_array_test
Generating C implementation in directory include/v1.0/standard
Generating C implementation in directory include/v1.0/test
Validating /home/hxj/px4_to_perception/px4_to_perception/src/mavlink/message_definitions/v1.0/common.xml
Generating C implementation in directory include/v1.0/ualberta
Generating C implementation in directory include/v1.0/uAvionix
Generating C implementation in directory include/v1.0/storm32
Generating C implementation in directory include/v1.0/AVSSUAS
Generating C implementation in directory include/v1.0/cubepilot
Generating C implementation in directory include/v1.0/csAirLink
Parsing /home/hxj/px4_to_perception/px4_to_perception/src/mavlink/message_definitions/v1.0/common.xml
Copying fixed headers for protocol 1.0 to include/v1.0
[35m[1mScanning dependencies of target ASLUAV.xml-v2.0[0m
[ 76%] Built target storm32.xml-v1.0
[35m[1mScanning dependencies of target csAirLink.xml-v2.0[0m
[ 76%] Built target ardupilotmega.xml-v1.0
[35m[1mScanning dependencies of target matrixpilot.xml-v1.0[0m
Validating /home/hxj/px4_to_perception/px4_to_perception/src/mavlink/message_definitions/v1.0/uAvionix.xml
Parsing /home/hxj/px4_to_perception/px4_to_perception/src/mavlink/message_definitions/v1.0/uAvionix.xml
Validating /home/hxj/px4_to_perception/px4_to_perception/src/mavlink/message_definitions/v1.0/icarous.xml
Parsing /home/hxj/px4_to_perception/px4_to_perception/src/mavlink/message_definitions/v1.0/icarous.xml
[35m[1mScanning dependencies of target matrixpilot.xml-v2.0[0m
Validating /home/hxj/px4_to_perception/px4_to_perception/src/mavlink/message_definitions/v1.0/cubepilot.xml
Parsing /home/hxj/px4_to_perception/px4_to_perception/src/mavlink/message_definitions/v1.0/cubepilot.xml
Validating /home/hxj/px4_to_perception/px4_to_perception/src/mavlink/message_definitions/v1.0/csAirLink.xml
Parsing /home/hxj/px4_to_perception/px4_to_perception/src/mavlink/message_definitions/v1.0/csAirLink.xml
Validating /home/hxj/px4_to_perception/px4_to_perception/src/mavlink/message_definitions/v1.0/standard.xml
Parsing /home/hxj/px4_to_perception/px4_to_perception/src/mavlink/message_definitions/v1.0/standard.xml
Validating /home/hxj/px4_to_perception/px4_to_perception/src/mavlink/message_definitions/v1.0/minimal.xml
Generating C implementation in directory include/v2.0/standard
Parsing /home/hxj/px4_to_perception/px4_to_perception/src/mavlink/message_definitions/v1.0/minimal.xml
[35m[1mScanning dependencies of target development.xml-v2.0[0m
Generating C implementation in directory include/v2.0/standard
Generating C implementation in directory include/v2.0/minimal
Generating C implementation in directory include/v2.0/standard
[35m[1mScanning dependencies of target AVSSUAS.xml-v1.0[0m
Generating C implementation in directory include/v2.0/standard
Generating C implementation in directory include/v2.0/minimal
Generating C implementation in directory include/v2.0/minimal
Generating C implementation in directory include/v2.0/minimal
Merged enum MAV_CMD
Copying fixed headers for protocol 2.0 to include/v2.0
Copying fixed headers for protocol 2.0 to include/v2.0
Copying fixed headers for protocol 2.0 to include/v2.0
[ 76%] Built target all.xml-v1.0
Found 302 MAVLink message types in 8 XML files
Copying fixed headers for protocol 2.0 to include/v2.0
Generating C++ implementation in directory include/v2.0/ualberta
Generating C headers
Generating C++ implementation in directory include/v2.0/cubepilot
Generating C implementation in directory include/v2.0/ardupilotmega
Generating C++ implementation in directory include/v2.0/paparazzi
Generating C++ implementation in directory include/v2.0/uAvionix
Generating C++ implementation in directory include/v2.0/common
Generating C++ implementation in directory include/v2.0/common
Generating C++ implementation in directory include/v2.0/common
Generating C++ implementation in directory include/v2.0/common
[ 80%] [34m[1mGenerating ASLUAV-v2.0-cxx-stamp[0m
Generating C implementation in directory include/v1.0/standard
[ 83%] [34m[1mGenerating csAirLink-v2.0-cxx-stamp[0m
Generating C implementation in directory include/v1.0/minimal
Copying fixed headers for protocol 1.0 to include/v1.0
[ 86%] [34m[1mGenerating include/v1.0/matrixpilot/matrixpilot.h[0m
[ 90%] [34m[1mGenerating matrixpilot-v2.0-cxx-stamp[0m
Generating C implementation in directory include/v2.0/uAvionix
[ 93%] [34m[1mGenerating development-v2.0-cxx-stamp[0m
[ 96%] Built target AVSSUAS.xml-v1.0
Generating C implementation in directory include/v2.0/icarous
Generating C implementation in directory include/v2.0/cubepilot
Generating C implementation in directory include/v2.0/csAirLink
Generating C implementation in directory include/v2.0/standard
Generating C implementation in directory include/v2.0/minimal
Generating C implementation in directory include/v2.0/common
Copying fixed headers for protocol 2.0 to include/v2.0
Generating C++ implementation in directory include/v2.0/storm32
Generating C implementation in directory include/v2.0/development
[ 96%] Built target ASLUAV.xml-v1.0
Validating /home/hxj/px4_to_perception/px4_to_perception/src/mavlink/message_definitions/v1.0/ASLUAV.xml
Generating C++ implementation in directory include/v2.0/ardupilotmega
Parsing /home/hxj/px4_to_perception/px4_to_perception/src/mavlink/message_definitions/v1.0/ASLUAV.xml
Validating /home/hxj/px4_to_perception/px4_to_perception/src/mavlink/message_definitions/v1.0/common.xml
Generating C implementation in directory include/v2.0/icarous
Generating C implementation in directory include/v2.0/minimal
Generating C implementation in directory include/v2.0/python_array_test
Parsing /home/hxj/px4_to_perception/px4_to_perception/src/mavlink/message_definitions/v1.0/common.xml
Validating /home/hxj/px4_to_perception/px4_to_perception/src/mavlink/message_definitions/v1.0/csAirLink.xml
Validating /home/hxj/px4_to_perception/px4_to_perception/src/mavlink/message_definitions/v1.0/matrixpilot.xml
Parsing /home/hxj/px4_to_perception/px4_to_perception/src/mavlink/message_definitions/v1.0/csAirLink.xml
Found 6 MAVLink message types in 1 XML files
Parsing /home/hxj/px4_to_perception/px4_to_perception/src/mavlink/message_definitions/v1.0/matrixpilot.xml
Generating C headers
Generating C implementation in directory include/v2.0/csAirLink
Validating /home/hxj/px4_to_perception/px4_to_perception/src/mavlink/message_definitions/v1.0/matrixpilot.xml
Validating /home/hxj/px4_to_perception/px4_to_perception/src/mavlink/message_definitions/v1.0/common.xml
Parsing /home/hxj/px4_to_perception/px4_to_perception/src/mavlink/message_definitions/v1.0/matrixpilot.xml
Copying fixed headers for protocol 2.0 to include/v2.0
Validating /home/hxj/px4_to_perception/px4_to_perception/src/mavlink/message_definitions/v1.0/development.xml
Generating C implementation in directory include/v2.0/standard
Generating C++ implementation in directory include/v2.0/csAirLink
Validating /home/hxj/px4_to_perception/px4_to_perception/src/mavlink/message_definitions/v1.0/common.xml
Generating C implementation in directory include/v2.0/test
Parsing /home/hxj/px4_to_perception/px4_to_perception/src/mavlink/message_definitions/v1.0/development.xml
Validating /home/hxj/px4_to_perception/px4_to_perception/src/mavlink/message_definitions/v1.0/common.xml
Copying fixed C++ headers for protocol 2.0 to include/v2.0
Generating C implementation in directory include/v2.0/ualberta
Generating C implementation in directory include/v2.0/uAvionix
Parsing /home/hxj/px4_to_perception/px4_to_perception/src/mavlink/message_definitions/v1.0/common.xml
Generating C++ implementation in directory include/v2.0/common
Generating C implementation in directory include/v2.0/storm32
Parsing /home/hxj/px4_to_perception/px4_to_perception/src/mavlink/message_definitions/v1.0/common.xml
Parsing /home/hxj/px4_to_perception/px4_to_perception/src/mavlink/message_definitions/v1.0/common.xml
Generating C implementation in directory include/v2.0/AVSSUAS
Validating /home/hxj/px4_to_perception/px4_to_perception/src/mavlink/message_definitions/v1.0/standard.xml
Parsing /home/hxj/px4_to_perception/px4_to_perception/src/mavlink/message_definitions/v1.0/standard.xml
Validating /home/hxj/px4_to_perception/px4_to_perception/src/mavlink/message_definitions/v1.0/minimal.xml
Parsing /home/hxj/px4_to_perception/px4_to_perception/src/mavlink/message_definitions/v1.0/minimal.xml
Merged enum MAV_CMD
Generating C implementation in directory include/v2.0/cubepilot
Found 238 MAVLink message types in 4 XML files
Generating C headers
Generating C implementation in directory include/v2.0/ASLUAV
Validating /home/hxj/px4_to_perception/px4_to_perception/src/mavlink/message_definitions/v1.0/standard.xml
Parsing /home/hxj/px4_to_perception/px4_to_perception/src/mavlink/message_definitions/v1.0/standard.xml
Validating /home/hxj/px4_to_perception/px4_to_perception/src/mavlink/message_definitions/v1.0/minimal.xml
Generating C implementation in directory include/v2.0/standard
Parsing /home/hxj/px4_to_perception/px4_to_perception/src/mavlink/message_definitions/v1.0/minimal.xml
Generating C implementation in directory include/v2.0/csAirLink
Generating C implementation in directory include/v2.0/minimal
Merged enum MAV_CMD
Found 169 MAVLink message types in 4 XML files
Copying fixed headers for protocol 2.0 to include/v2.0
Generating C implementation in directory include/v1.0/matrixpilot
Copying fixed headers for protocol 2.0 to include/v2.0
Generating C++ implementation in directory include/v2.0/AVSSUAS
Generating C++ implementation in directory include/v2.0/all
Generating C++ implementation in directory include/v2.0/ardupilotmega
Validating /home/hxj/px4_to_perception/px4_to_perception/src/mavlink/message_definitions/v1.0/standard.xml
Parsing /home/hxj/px4_to_perception/px4_to_perception/src/mavlink/message_definitions/v1.0/standard.xml
Validating /home/hxj/px4_to_perception/px4_to_perception/src/mavlink/message_definitions/v1.0/minimal.xml
[ 96%] Built target csAirLink.xml-v2.0
Parsing /home/hxj/px4_to_perception/px4_to_perception/src/mavlink/message_definitions/v1.0/minimal.xml
Generating C++ implementation in directory include/v2.0/common
Merged enum MAV_CMD
Validating /home/hxj/px4_to_perception/px4_to_perception/src/mavlink/message_definitions/v1.0/standard.xml
Parsing /home/hxj/px4_to_perception/px4_to_perception/src/mavlink/message_definitions/v1.0/standard.xml
Validating /home/hxj/px4_to_perception/px4_to_perception/src/mavlink/message_definitions/v1.0/minimal.xml
Parsing /home/hxj/px4_to_perception/px4_to_perception/src/mavlink/message_definitions/v1.0/minimal.xml
Found 236 MAVLink message types in 4 XML files
Generating C headers
Generating C implementation in directory include/v2.0/development
Merged enum MAV_CMD
Found 248 MAVLink message types in 4 XML files
Generating C implementation in directory include/v2.0/common
Generating C headers
Generating C implementation in directory include/v2.0/matrixpilot
Generating C implementation in directory include/v2.0/common
Generating C++ implementation in directory include/v2.0/ASLUAV
Generating C implementation in directory include/v1.0/common
Generating C++ implementation in directory include/v2.0/common
Generating C implementation in directory include/v2.0/common
Generating C++ implementation in directory include/v2.0/standard
Generating C++ implementation in directory include/v2.0/standard
Generating C++ implementation in directory include/v2.0/standard
Generating C++ implementation in directory include/v2.0/minimal
Generating C++ implementation in directory include/v2.0/minimal
Generating C++ implementation in directory include/v2.0/minimal
Generating C++ implementation in directory include/v2.0/uAvionix
Generating C++ implementation in directory include/v2.0/standard
Generating C++ implementation in directory include/v2.0/minimal
Copying fixed C++ headers for protocol 2.0 to include/v2.0
Generating C++ implementation in directory include/v2.0/icarous
Copying fixed C++ headers for protocol 2.0 to include/v2.0
Copying fixed C++ headers for protocol 2.0 to include/v2.0
Copying fixed C++ headers for protocol 2.0 to include/v2.0
Generating C++ implementation in directory include/v2.0/cubepilot
Generating C++ implementation in directory include/v2.0/csAirLink
Generating C++ implementation in directory include/v2.0/standard
Generating C++ implementation in directory include/v2.0/minimal
Copying fixed C++ headers for protocol 2.0 to include/v2.0
Generating C++ implementation in directory include/v2.0/standard
Generating C++ implementation in directory include/v2.0/minimal
Copying fixed C++ headers for protocol 2.0 to include/v2.0
[ 96%] Built target paparazzi.xml-v2.0
[ 96%] Built target cubepilot.xml-v2.0
Generating C++ implementation in directory include/v2.0/development
[ 96%] Built target uAvionix.xml-v2.0
[ 96%] Built target ualberta.xml-v2.0
Generating C++ implementation in directory include/v2.0/icarous
[ 96%] Built target storm32.xml-v2.0
Generating C implementation in directory include/v1.0/standard
Generating C++ implementation in directory include/v2.0/minimal
Generating C implementation in directory include/v1.0/minimal
Generating C++ implementation in directory include/v2.0/python_array_test
Copying fixed headers for protocol 1.0 to include/v1.0
Generating C++ implementation in directory include/v2.0/standard
Generating C++ implementation in directory include/v2.0/test
Generating C++ implementation in directory include/v2.0/ualberta
[ 96%] Built target AVSSUAS.xml-v2.0
Generating C++ implementation in directory include/v2.0/uAvionix
Generating C++ implementation in directory include/v2.0/storm32
Generating C implementation in directory include/v2.0/uAvionix
Generating C++ implementation in directory include/v2.0/AVSSUAS
Generating C implementation in directory include/v2.0/icarous
Generating C++ implementation in directory include/v2.0/cubepilot
Generating C++ implementation in directory include/v2.0/csAirLink
Copying fixed C++ headers for protocol 2.0 to include/v2.0
Generating C implementation in directory include/v2.0/cubepilot
Generating C implementation in directory include/v2.0/csAirLink
Generating C implementation in directory include/v2.0/standard
[ 96%] Built target matrixpilot.xml-v1.0
Generating C implementation in directory include/v2.0/minimal
Copying fixed headers for protocol 2.0 to include/v2.0
Generating C++ implementation in directory include/v2.0/ardupilotmega
[ 96%] Built target all.xml-v2.0
Generating C++ implementation in directory include/v2.0/common
Generating C implementation in directory include/v2.0/standard
Generating C implementation in directory include/v2.0/minimal
Generating C implementation in directory include/v2.0/standard
Generating C implementation in directory include/v2.0/minimal
Copying fixed headers for protocol 2.0 to include/v2.0
Generating C++ implementation in directory include/v2.0/ASLUAV
Copying fixed headers for protocol 2.0 to include/v2.0
Generating C++ implementation in directory include/v2.0/development
Generating C++ implementation in directory include/v2.0/common
Generating C++ implementation in directory include/v2.0/common
Generating C implementation in directory include/v2.0/standard
Generating C implementation in directory include/v2.0/minimal
Copying fixed headers for protocol 2.0 to include/v2.0
Generating C++ implementation in directory include/v2.0/matrixpilot
Generating C++ implementation in directory include/v2.0/uAvionix
Generating C++ implementation in directory include/v2.0/common
Generating C++ implementation in directory include/v2.0/icarous
Generating C++ implementation in directory include/v2.0/cubepilot
Generating C++ implementation in directory include/v2.0/csAirLink
Generating C++ implementation in directory include/v2.0/standard
Generating C++ implementation in directory include/v2.0/minimal
Copying fixed C++ headers for protocol 2.0 to include/v2.0
[ 96%] Built target ardupilotmega.xml-v2.0
Generating C++ implementation in directory include/v2.0/standard
Generating C++ implementation in directory include/v2.0/minimal
Copying fixed C++ headers for protocol 2.0 to include/v2.0
Generating C++ implementation in directory include/v2.0/standard
Generating C++ implementation in directory include/v2.0/minimal
Copying fixed C++ headers for protocol 2.0 to include/v2.0
Generating C++ implementation in directory include/v2.0/standard
Generating C++ implementation in directory include/v2.0/minimal
Copying fixed C++ headers for protocol 2.0 to include/v2.0
[ 96%] Built target development.xml-v2.0
[ 96%] Built target ASLUAV.xml-v2.0
[ 96%] Built target matrixpilot.xml-v2.0
[35m[1mScanning dependencies of target common.xml-v2.0[0m
[100%] [34m[1mGenerating common-v2.0-cxx-stamp[0m
Validating /home/hxj/px4_to_perception/px4_to_perception/src/mavlink/message_definitions/v1.0/common.xml
Parsing /home/hxj/px4_to_perception/px4_to_perception/src/mavlink/message_definitions/v1.0/common.xml
Validating /home/hxj/px4_to_perception/px4_to_perception/src/mavlink/message_definitions/v1.0/standard.xml
Parsing /home/hxj/px4_to_perception/px4_to_perception/src/mavlink/message_definitions/v1.0/standard.xml
Validating /home/hxj/px4_to_perception/px4_to_perception/src/mavlink/message_definitions/v1.0/minimal.xml
Parsing /home/hxj/px4_to_perception/px4_to_perception/src/mavlink/message_definitions/v1.0/minimal.xml
Found 221 MAVLink message types in 3 XML files
Generating C headers
Generating C implementation in directory include/v2.0/common
Generating C implementation in directory include/v2.0/standard
Generating C implementation in directory include/v2.0/minimal
Copying fixed headers for protocol 2.0 to include/v2.0
Generating C++ implementation in directory include/v2.0/common
Generating C++ implementation in directory include/v2.0/standard
Generating C++ implementation in directory include/v2.0/minimal
Copying fixed C++ headers for protocol 2.0 to include/v2.0
[100%] Built target common.xml-v2.0
